SF:lib/storage/app_settings.dart
DA:18,7
DA:33,2
DA:34,2
DA:35,1
DA:36,1
DA:39,4
DA:40,2
DA:41,4
DA:46,2
DA:47,2
DA:48,2
DA:49,2
DA:50,2
DA:51,2
DA:52,4
DA:58,2
DA:59,2
DA:62,2
DA:76,2
DA:80,2
DA:81,2
DA:83,2
DA:84,2
DA:89,2
DA:93,10
DA:97,2
DA:100,6
DA:101,2
DA:104,2
DA:110,2
DA:112,4
DA:113,8
LF:32
LH:32
end_of_record
SF:lib/storage/blob_store.dart
DA:24,3
DA:28,5
DA:30,1
DA:32,2
DA:33,4
DA:34,1
DA:35,3
DA:38,1
DA:39,2
DA:41,1
DA:43,1
DA:44,1
DA:45,1
DA:49,3
DA:51,6
DA:55,2
DA:56,3
DA:57,4
LF:18
LH:18
end_of_record
SF:lib/crypto/vault_crypto.dart
DA:14,3
DA:16,0
DA:24,8
DA:41,13
DA:52,7
DA:53,21
DA:56,14
DA:57,14
DA:60,6
DA:61,6
DA:62,6
DA:63,0
DA:65,6
DA:66,6
DA:67,0
DA:69,6
DA:70,6
DA:73,12
DA:74,2
DA:76,12
DA:77,2
DA:79,6
DA:81,6
DA:82,6
DA:83,6
DA:108,13
DA:109,13
DA:110,39
DA:111,13
DA:112,26
DA:113,13
DA:114,39
DA:115,39
DA:116,26
DA:117,26
DA:128,3
DA:131,2
DA:132,6
DA:135,8
DA:139,2
DA:140,2
DA:141,2
DA:143,4
DA:154,3
DA:155,3
DA:156,9
DA:157,3
DA:158,6
DA:169,15
DA:173,56
DA:176,56
DA:182,6
DA:183,2
DA:184,8
DA:185,2
DA:190,14
DA:191,28
DA:193,56
DA:194,28
DA:197,14
DA:198,14
DA:202,28
DA:208,13
DA:214,13
DA:218,65
DA:220,13
DA:221,13
DA:223,26
DA:225,13
DA:229,52
DA:230,26
DA:231,65
DA:234,26
DA:241,2
DA:246,2
DA:247,2
DA:249,2
DA:251,2
DA:259,3
DA:260,18
DA:261,3
DA:262,6
DA:264,3
DA:268,12
DA:269,6
DA:270,3
DA:271,3
DA:272,9
DA:282,2
DA:283,2
DA:285,4
DA:286,2
DA:287,2
DA:289,2
DA:291,2
DA:300,2
DA:301,2
DA:302,6
DA:304,2
DA:306,2
DA:312,7
DA:313,7
DA:314,6
DA:317,12
DA:319,6
DA:321,6
DA:323,4
DA:327,6
DA:329,12
LF:109
LH:106
end_of_record
SF:lib/model/vault.dart
DA:10,3
DA:18,2
DA:19,2
DA:20,2
DA:21,2
DA:22,2
DA:23,2
DA:24,2
DA:25,2
DA:40,3
DA:42,6
DA:43,3
DA:44,3
DA:45,3
DA:46,3
DA:47,6
DA:57,12
DA:66,12
DA:71,24
DA:72,12
DA:81,16
DA:82,8
DA:83,8
DA:84,8
DA:85,8
DA:88,8
DA:89,8
DA:94,8
DA:95,16
DA:96,2
DA:106,24
DA:107,24
DA:108,24
DA:109,36
DA:110,36
DA:111,24
DA:112,12
DA:122,14
DA:128,8
DA:131,16
DA:132,1
DA:135,0
DA:137,8
DA:140,16
DA:141,3
DA:143,8
DA:144,8
DA:147,16
DA:148,8
DA:149,8
DA:160,30
DA:161,15
DA:162,30
DA:164,42
DA:170,12
DA:171,64
DA:174,5
DA:175,5
DA:176,5
DA:177,5
DA:178,5
DA:179,5
DA:181,12
DA:182,52
DA:183,12
DA:184,30
DA:185,12
DA:189,4
DA:190,28
DA:193,5
DA:194,10
DA:195,5
DA:196,5
DA:198,4
DA:199,4
DA:200,16
LF:76
LH:75
end_of_record
SF:lib/state/vault_session.dart
DA:21,1
DA:26,0
DA:28,0
DA:37,12
DA:75,16
DA:77,20
DA:79,4
DA:82,3
DA:83,3
DA:84,3
DA:87,6
DA:88,6
DA:89,6
DA:90,0
DA:91,6
DA:93,3
DA:98,6
DA:101,11
DA:102,22
DA:103,33
DA:105,55
DA:106,22
DA:113,4
DA:114,8
DA:115,4
DA:116,16
DA:119,8
DA:121,2
DA:124,4
DA:126,4
DA:127,4
DA:130,4
DA:134,11
DA:135,22
DA:136,11
DA:137,22
DA:138,11
DA:139,11
DA:140,11
DA:141,11
DA:142,33
DA:143,11
DA:147,8
DA:148,8
DA:149,8
DA:150,8
DA:152,2
DA:154,32
DA:155,8
DA:156,8
DA:157,8
DA:161,1
DA:162,1
DA:164,0
DA:166,2
DA:167,3
DA:168,5
DA:169,2
DA:177,2
DA:183,4
DA:184,2
DA:186,2
DA:187,2
DA:189,0
DA:191,12
DA:193,2
DA:196,2
DA:197,4
DA:200,2
DA:201,4
DA:205,10
DA:206,2
DA:207,2
DA:208,2
DA:209,2
DA:210,2
DA:211,2
DA:212,4
DA:213,6
DA:221,1
DA:222,1
DA:224,0
DA:226,5
DA:230,2
DA:234,2
DA:236,0
DA:238,12
DA:240,0
DA:244,2
DA:245,2
DA:246,2
DA:247,2
DA:248,2
DA:249,2
DA:250,4
DA:251,2
DA:252,2
DA:253,6
DA:258,6
DA:262,3
DA:263,3
DA:265,0
DA:267,18
DA:268,6
DA:269,8
DA:270,6
DA:278,4
DA:279,4
DA:284,4
DA:285,5
DA:288,13
DA:289,1
DA:290,2
DA:291,1
DA:298,7
DA:299,7
DA:300,7
DA:305,3
DA:306,6
DA:307,9
DA:308,3
DA:324,2
DA:325,2
DA:328,2
DA:329,1
DA:332,2
DA:333,3
DA:334,0
DA:338,2
DA:339,6
DA:344,11
DA:350,12
DA:351,11
DA:352,11
DA:353,11
DA:354,11
DA:355,11
DA:356,11
DA:359,11
DA:360,20
DA:361,22
DA:362,11
DA:363,11
DA:364,11
DA:365,44
DA:368,11
DA:370,11
DA:371,11
DA:372,11
DA:373,11
DA:374,22
DA:375,11
LF:152
LH:142
end_of_record
SF:lib/util/clipboard.dart
DA:12,12
DA:20,0
DA:21,0
DA:22,0
DA:23,0
DA:24,0
DA:28,11
DA:29,11
DA:30,11
DA:31,11
DA:32,11
DA:36,0
DA:37,0
DA:38,0
DA:42,11
DA:43,11
DA:44,11
DA:45,11
LF:18
LH:10
end_of_record
SF:lib/storage/vault_transfer.dart
DA:12,2
DA:20,3
DA:28,1
DA:29,2
DA:30,2
LF:5
LH:5
end_of_record
SF:lib/ui/safe_logo.dart
DA:9,3
DA:16,3
DA:17,3
DA:18,3
DA:19,3
DA:20,3
DA:21,15
DA:28,3
DA:32,3
DA:34,6
DA:35,3
DA:36,6
DA:37,6
DA:38,6
DA:39,6
DA:40,6
DA:41,6
DA:42,6
DA:43,3
DA:45,3
DA:46,6
DA:47,6
DA:48,3
DA:49,15
DA:50,15
DA:51,6
DA:52,6
DA:53,3
DA:57,3
DA:58,6
DA:59,6
DA:60,3
DA:61,3
DA:62,9
DA:63,6
DA:64,9
DA:65,9
DA:66,12
DA:67,12
DA:70,3
DA:71,3
DA:72,3
DA:73,6
DA:74,3
DA:78,0
DA:79,0
LF:46
LH:44
end_of_record
SF:lib/ui/settings_screen.dart
DA:24,2
DA:44,2
DA:45,2
DA:52,2
DA:54,2
DA:55,10
DA:56,2
DA:57,4
DA:58,2
DA:61,8
DA:67,1
DA:68,2
DA:69,2
DA:70,1
DA:71,3
DA:73,3
DA:76,1
DA:77,2
DA:78,3
DA:79,3
DA:80,3
DA:83,0
DA:84,0
DA:85,0
DA:86,0
DA:91,0
DA:93,0
DA:94,0
DA:96,0
DA:98,0
DA:99,0
DA:104,0
DA:105,0
DA:109,0
DA:111,0
DA:112,0
DA:113,0
DA:114,0
DA:115,0
DA:120,0
DA:122,0
DA:123,0
DA:127,0
DA:129,0
DA:130,0
DA:135,0
DA:136,0
DA:140,0
DA:144,0
DA:145,0
DA:148,0
DA:149,0
DA:150,0
DA:155,0
DA:157,0
DA:161,0
DA:162,0
DA:163,0
DA:164,0
DA:166,0
DA:167,0
DA:169,0
DA:171,0
DA:172,0
DA:177,0
DA:178,0
DA:179,0
DA:180,0
DA:181,0
DA:185,6
DA:186,2
DA:187,6
DA:189,2
DA:191,4
DA:192,2
DA:193,2
DA:194,2
DA:195,2
DA:196,2
DA:201,2
DA:202,2
DA:205,2
DA:208,2
DA:209,10
DA:211,2
DA:213,8
DA:214,6
DA:215,2
DA:216,2
DA:217,2
DA:218,6
DA:220,1
DA:222,1
DA:228,2
DA:231,4
DA:232,4
DA:234,2
DA:235,4
DA:243,2
DA:251,0
DA:252,2
DA:254,2
DA:259,0
DA:260,2
DA:280,3
DA:282,0
DA:283,0
DA:291,0
DA:293,0
DA:294,0
DA:295,0
DA:298,0
DA:299,0
DA:300,0
DA:301,0
DA:306,0
DA:307,0
DA:310,0
DA:313,0
DA:314,0
DA:316,0
DA:318,0
DA:319,0
DA:321,0
DA:326,0
DA:328,0
DA:332,0
DA:333,0
DA:335,0
DA:336,0
DA:337,0
DA:342,0
DA:343,0
DA:344,0
DA:347,0
DA:349,0
DA:357,3
DA:359,0
DA:360,0
DA:366,0
DA:368,0
DA:369,0
DA:372,0
DA:373,0
DA:375,0
DA:377,0
DA:382,0
DA:383,0
DA:384,0
DA:387,0
DA:389,0
LF:151
LH:56
end_of_record
SF:lib/util/screen_security.dart
DA:13,3
DA:15,2
DA:17,4
DA:20,1
DA:23,0
LF:5
LH:4
end_of_record
SF:lib/ui/unlock_screen.dart
DA:15,3
DA:24,3
DA:25,3
DA:37,3
DA:39,6
DA:40,6
DA:41,6
DA:42,3
DA:45,1
DA:46,1
DA:49,2
DA:50,2
DA:51,2
DA:52,2
DA:53,1
DA:58,3
DA:59,3
DA:62,1
DA:63,0
DA:67,2
DA:68,1
DA:69,1
DA:72,2
DA:73,3
DA:75,3
DA:77,1
DA:80,1
DA:81,0
DA:82,0
DA:84,0
DA:86,1
DA:87,3
DA:92,1
DA:93,2
DA:94,2
DA:95,1
DA:96,3
DA:97,2
DA:101,3
DA:103,3
DA:104,3
DA:105,3
DA:106,3
DA:108,3
DA:110,3
DA:113,3
DA:116,3
DA:117,6
DA:119,6
DA:122,3
DA:124,3
DA:125,3
DA:127,3
DA:128,3
DA:129,3
DA:132,3
DA:133,3
DA:134,3
DA:136,3
DA:137,0
DA:140,0
DA:142,8
DA:144,2
DA:146,2
DA:147,2
DA:148,2
DA:153,0
DA:156,2
DA:159,4
DA:162,4
DA:164,1
DA:165,1
DA:166,3
DA:167,2
DA:171,3
DA:172,3
DA:174,6
DA:175,3
DA:181,3
DA:182,6
LF:80
LH:73
end_of_record
SF:lib/storage/vault_file.dart
DA:14,4
DA:21,0
DA:22,0
DA:23,0
DA:24,0
DA:26,0
DA:27,0
DA:29,0
DA:30,0
DA:35,20
DA:37,20
DA:39,20
DA:41,2
DA:42,4
DA:45,4
DA:46,8
DA:52,4
DA:54,8
DA:55,8
DA:57,4
DA:58,4
DA:60,4
DA:62,8
DA:63,16
DA:65,16
LF:25
LH:17
end_of_record
SF:lib/util/password_generator.dart
DA:5,1
DA:32,2
DA:33,2
DA:34,2
DA:39,2
DA:48,12
DA:64,2
DA:69,4
DA:70,1
DA:76,2
DA:77,2
DA:78,2
DA:80,2
DA:82,2
DA:83,6
DA:84,4
DA:87,4
DA:88,8
DA:93,8
DA:94,4
DA:95,2
DA:96,4
DA:97,2
DA:99,2
LF:24
LH:24
end_of_record
SF:lib/ui/attachments_section.dart
DA:12,2
DA:13,2
DA:14,0
DA:16,4
DA:17,4
DA:19,10
DA:26,0
DA:27,0
DA:29,0
DA:30,0
DA:31,0
DA:32,0
DA:33,0
DA:34,0
DA:35,0
DA:45,4
DA:58,4
DA:59,4
DA:65,4
DA:66,8
DA:70,8
DA:71,8
DA:72,2
DA:73,2
DA:77,0
DA:78,0
DA:82,0
DA:86,0
DA:88,0
DA:89,0
DA:91,0
DA:92,0
DA:95,0
DA:96,0
DA:97,0
DA:98,0
DA:99,0
DA:102,0
DA:104,0
DA:105,0
DA:110,0
DA:111,0
DA:113,0
DA:114,0
DA:117,0
DA:118,0
DA:119,0
DA:120,0
DA:121,0
DA:123,0
DA:124,0
DA:125,0
DA:126,0
DA:134,0
DA:137,0
DA:139,0
DA:140,0
DA:145,0
DA:151,0
DA:152,0
DA:153,0
DA:154,0
DA:155,0
DA:160,0
DA:162,0
DA:163,0
DA:167,1
DA:168,2
DA:172,1
DA:173,1
DA:174,2
DA:176,3
DA:177,1
DA:178,1
DA:180,0
DA:183,1
DA:185,3
DA:192,3
DA:196,3
DA:197,1
DA:198,2
DA:203,0
DA:204,0
DA:205,0
DA:206,0
DA:207,0
DA:211,4
DA:213,4
DA:214,4
DA:215,4
DA:217,4
DA:218,4
DA:219,4
DA:220,12
DA:222,8
DA:223,2
DA:225,4
DA:231,8
DA:232,4
DA:235,8
DA:237,2
DA:238,4
DA:240,2
DA:241,4
DA:244,1
DA:245,1
DA:246,3
DA:248,1
DA:249,1
DA:253,2
DA:254,3
DA:255,1
DA:256,1
DA:258,1
DA:259,1
DA:260,3
DA:263,1
DA:265,0
DA:267,0
DA:270,1
DA:271,3
DA:274,3
LF:122
LH:62
end_of_record
SF:lib/ui/entries_screen.dart
DA:17,4
DA:37,4
DA:38,4
DA:43,16
DA:48,4
DA:50,4
DA:51,16
DA:54,4
DA:56,16
DA:57,8
DA:58,8
DA:59,8
DA:61,4
DA:64,4
DA:65,4
DA:67,12
DA:68,8
DA:70,8
DA:74,0
DA:75,0
DA:76,0
DA:77,0
DA:80,0
DA:81,0
DA:82,0
DA:84,0
DA:90,1
DA:91,3
DA:92,3
DA:93,1
DA:94,1
DA:95,3
DA:100,2
DA:101,6
DA:102,2
DA:103,2
DA:104,4
DA:106,4
DA:107,2
DA:110,2
DA:111,2
DA:113,3
DA:116,2
DA:118,6
DA:125,6
DA:128,8
DA:136,2
DA:137,2
DA:138,4
DA:141,4
DA:144,4
DA:146,12
DA:147,8
DA:148,4
DA:149,4
DA:151,4
DA:152,4
DA:156,0
DA:157,0
DA:158,0
DA:159,0
DA:160,0
DA:161,0
DA:162,0
DA:163,0
DA:169,4
DA:173,12
DA:177,4
DA:179,4
DA:183,4
DA:184,4
DA:185,4
DA:187,4
DA:189,4
DA:196,3
DA:197,9
DA:198,9
DA:202,4
DA:203,4
DA:204,2
DA:205,2
DA:207,2
DA:208,6
DA:211,2
DA:216,4
DA:217,4
DA:218,4
DA:219,4
DA:220,12
DA:221,4
DA:222,4
DA:223,4
DA:224,12
DA:225,9
DA:227,1
DA:228,3
DA:232,3
DA:237,4
DA:238,4
DA:240,0
DA:241,4
DA:243,4
DA:244,4
DA:245,12
DA:246,4
DA:252,2
DA:253,6
DA:254,4
DA:256,0
DA:257,6
DA:261,4
DA:262,12
DA:265,0
DA:267,4
DA:268,12
DA:271,4
LF:116
LH:97
end_of_record
SF:lib/ui/entry_edit_screen.dart
DA:13,4
DA:18,4
DA:19,4
DA:23,8
DA:24,10
DA:26,8
DA:27,10
DA:35,12
DA:37,12
DA:39,4
DA:41,8
DA:42,8
DA:43,4
DA:46,4
DA:47,4
DA:50,12
DA:51,4
DA:52,3
DA:55,12
DA:60,1
DA:61,2
DA:67,6
DA:68,16
DA:71,3
DA:75,6
DA:76,3
DA:77,3
DA:83,3
DA:84,15
DA:85,3
DA:87,11
DA:88,4
DA:90,3
DA:91,3
DA:93,6
DA:94,2
DA:98,9
DA:100,0
DA:101,0
DA:102,0
DA:106,3
DA:109,9
DA:110,9
DA:111,0
DA:115,1
DA:116,1
DA:117,1
DA:118,1
DA:121,4
DA:125,4
DA:127,4
DA:128,4
DA:129,4
DA:130,8
DA:132,4
DA:134,4
DA:136,4
DA:137,4
DA:139,4
DA:140,4
DA:143,16
DA:155,4
DA:156,2
DA:160,2
DA:161,6
DA:162,0
DA:165,4
DA:167,2
DA:171,8
DA:175,4
DA:177,4
DA:178,16
DA:182,4
DA:186,4
DA:190,0
DA:194,4
DA:195,4
DA:197,4
DA:201,4
DA:202,4
DA:203,8
DA:204,10
DA:205,3
DA:207,6
DA:209,2
DA:210,2
DA:211,6
DA:212,4
DA:216,4
DA:217,4
DA:219,8
DA:231,1
DA:233,1
DA:234,1
DA:241,1
DA:242,1
DA:243,1
DA:247,4
DA:249,1
DA:252,1
DA:253,1
DA:254,3
DA:255,3
DA:257,1
DA:259,1
DA:263,3
DA:264,0
DA:267,1
DA:268,1
DA:269,1
DA:270,3
DA:272,1
DA:273,0
DA:274,0
DA:277,1
DA:279,3
DA:280,4
LF:117
LH:108
end_of_record
SF:lib/main.dart
DA:17,0
DA:18,0
DA:19,0
DA:20,0
DA:21,0
DA:22,0
DA:23,0
DA:24,0
DA:28,0
DA:29,0
DA:33,0
DA:34,0
DA:37,0
DA:38,0
DA:39,0
DA:44,0
DA:46,0
DA:54,1
DA:67,1
DA:68,1
DA:71,1
DA:72,1
DA:75,1
DA:76,1
DA:82,1
DA:83,1
DA:84,1
DA:85,1
DA:86,1
DA:98,1
DA:111,1
DA:112,1
DA:118,1
DA:120,1
DA:121,2
DA:122,4
DA:123,4
DA:126,1
DA:128,2
DA:129,4
DA:130,1
DA:133,0
DA:135,0
DA:138,1
DA:139,1
DA:144,3
DA:145,2
DA:146,1
DA:147,3
DA:152,3
DA:153,2
DA:154,1
DA:158,1
DA:159,1
DA:163,0
DA:164,0
DA:167,1
DA:169,4
DA:170,0
DA:171,3
DA:172,1
DA:173,2
DA:174,2
DA:175,2
DA:176,2
DA:178,1
DA:179,1
DA:180,1
DA:181,1
DA:186,1
DA:187,2
DA:188,1
LF:72
LH:50
end_of_record
